# JRE version: Java(TM) SE Runtime Environment (15.0.1+9) (build 15.0.1+9-18)
# Java VM: Java HotSpot(TM) 64-Bit Server VM (15.0.1+9-18, mixed mode, sharing, tiered, compressed oops, g1 gc, windows-amd64)
GC Precious Log:
 CPUs: 8 total, 8 available
 Memory: 3974M
 Large Page Support: Disabled
 NUMA Support: Disabled
 Compressed Oops: Enabled (32-bit)
 Heap Region Size: 1M
 Heap Min Capacity: 8M
 Heap Initial Capacity: 64M
 Heap Max Capacity: 994M
 Pre-touch: Disabled
 Parallel Workers: 8
 Concurrent Workers: 2
 Concurrent Refinement Workers: 8
 Periodic GC: Disabled
Heap:
 garbage-first heap   total 61440K, used 42431K [0x00000000c1e00000, 0x0000000100000000)
  region size 1024K, 14 young (14336K), 3 survivors (3072K)
 Metaspace       used 55691K, capacity 56439K, committed 56752K, reserved 1099776K
  class space    used 7029K, capacity 7306K, committed 7424K, reserved 1048576K
GC Heap History (20 events):
Event: 363.137 GC heap before
{Heap before GC invocations=29 (full 1):
 garbage-first heap   total 58368K, used 43071K [0x00000000c1e00000, 0x0000000100000000)
  region size 1024K, 17 young (17408K), 2 survivors (2048K)
 Metaspace       used 54509K, capacity 55116K, committed 55344K, reserved 1097728K
  class space    used 6966K, capacity 7175K, committed 7296K, reserved 1048576K
}
Event: 363.143 GC heap after
{Heap after GC invocations=30 (full 1):
 garbage-first heap   total 58368K, used 28845K [0x00000000c1e00000, 0x0000000100000000)
  region size 1024K, 3 young (3072K), 3 survivors (3072K)
 Metaspace       used 54509K, capacity 55116K, committed 55344K, reserved 1097728K
  class space    used 6966K, capacity 7175K, committed 7296K, reserved 1048576K
}
Event: 366.096 GC heap before
{Heap before GC invocations=31 (full 1):
 garbage-first heap   total 58368K, used 44205K [0x00000000c1e00000, 0x0000000100000000)
  region size 1024K, 18 young (18432K), 3 survivors (3072K)
 Metaspace       used 54648K, capacity 55213K, committed 55344K, reserved 1097728K
  class space    used 6969K, capacity 7180K, committed 7296K, reserved 1048576K
}
Event: 366.186 GC heap after
{Heap after GC invocations=32 (full 1):
 garbage-first heap   total 58368K, used 29480K [0x00000000c1e00000, 0x0000000100000000)
  region size 1024K, 3 young (3072K), 3 survivors (3072K)
 Metaspace       used 54648K, capacity 55213K, committed 55344K, reserved 1097728K
  class space    used 6969K, capacity 7180K, committed 7296K, reserved 1048576K
}
Event: 366.364 GC heap before
{Heap before GC invocations=32 (full 1):
 garbage-first heap   total 58368K, used 29480K [0x00000000c1e00000, 0x0000000100000000)
  region size 1024K, 4 young (4096K), 3 survivors (3072K)
 Metaspace       used 54648K, capacity 55213K, committed 55344K, reserved 1097728K
  class space    used 6969K, capacity 7180K, committed 7296K, reserved 1048576K
}
Event: 366.543 GC heap after
{Heap after GC invocations=33 (full 1):
 garbage-first heap   total 58368K, used 29685K [0x00000000c1e00000, 0x0000000100000000)
  region size 1024K, 1 young (1024K), 1 survivors (1024K)
 Metaspace       used 54648K, capacity 55213K, committed 55344K, reserved 1097728K
  class space    used 6969K, capacity 7180K, committed 7296K, reserved 1048576K
}
Event: 367.769 GC heap before
{Heap before GC invocations=33 (full 1):
 garbage-first heap   total 58368K, used 45045K [0x00000000c1e00000, 0x0000000100000000)
  region size 1024K, 17 young (17408K), 1 survivors (1024K)
 Metaspace       used 54659K, capacity 55277K, committed 55600K, reserved 1097728K
  class space    used 6969K, capacity 7180K, committed 7296K, reserved 1048576K
}
Event: 367.801 GC heap after
{Heap after GC invocations=34 (full 1):
 garbage-first heap   total 58368K, used 29971K [0x00000000c1e00000, 0x0000000100000000)
  region size 1024K, 1 young (1024K), 1 survivors (1024K)
 Metaspace       used 54659K, capacity 55277K, committed 55600K, reserved 1097728K
  class space    used 6969K, capacity 7180K, committed 7296K, reserved 1048576K
}
Event: 385.737 GC heap before
{Heap before GC invocations=35 (full 1):
 garbage-first heap   total 58368K, used 46355K [0x00000000c1e00000, 0x0000000100000000)
  region size 1024K, 18 young (18432K), 1 survivors (1024K)
 Metaspace       used 54944K, capacity 55571K, committed 55856K, reserved 1097728K
  class space    used 6980K, capacity 7193K, committed 7296K, reserved 1048576K
}
Event: 385.807 GC heap after
{Heap after GC invocations=36 (full 1):
 garbage-first heap   total 58368K, used 31137K [0x00000000c1e00000, 0x0000000100000000)
  region size 1024K, 2 young (2048K), 2 survivors (2048K)
 Metaspace       used 54944K, capacity 55571K, committed 55856K, reserved 1097728K
  class space    used 6980K, capacity 7193K, committed 7296K, reserved 1048576K
}
Event: 391.751 GC heap before
{Heap before GC invocations=36 (full 1):
 garbage-first heap   total 58368K, used 43425K [0x00000000c1e00000, 0x0000000100000000)
  region size 1024K, 15 young (15360K), 2 survivors (2048K)
 Metaspace       used 55176K, capacity 55871K, committed 56112K, reserved 1097728K
  class space    used 6987K, capacity 7227K, committed 7296K, reserved 1048576K
}
Event: 392.054 GC heap after
{Heap after GC invocations=37 (full 2):
 garbage-first heap   total 58368K, used 29336K [0x00000000c1e00000, 0x0000000100000000)
  region size 1024K, 0 young (0K), 0 survivors (0K)
 Metaspace       used 55176K, capacity 55871K, committed 56112K, reserved 1097728K
  class space    used 6987K, capacity 7227K, committed 7296K, reserved 1048576K
}
Event: 399.203 GC heap before
{Heap before GC invocations=37 (full 2):
 garbage-first heap   total 58368K, used 45720K [0x00000000c1e00000, 0x0000000100000000)
  region size 1024K, 17 young (17408K), 0 survivors (0K)
 Metaspace       used 55410K, capacity 56049K, committed 56112K, reserved 1097728K
  class space    used 7016K, capacity 7264K, committed 7296K, reserved 1048576K
}
Event: 399.265 GC heap after
{Heap after GC invocations=38 (full 2):
 garbage-first heap   total 58368K, used 30526K [0x00000000c1e00000, 0x0000000100000000)
  region size 1024K, 2 young (2048K), 2 survivors (2048K)
 Metaspace       used 55410K, capacity 56049K, committed 56112K, reserved 1097728K
  class space    used 7016K, capacity 7264K, committed 7296K, reserved 1048576K
}
Event: 404.897 GC heap before
{Heap before GC invocations=39 (full 2):
 garbage-first heap   total 61440K, used 45886K [0x00000000c1e00000, 0x0000000100000000)
  region size 1024K, 17 young (17408K), 2 survivors (2048K)
 Metaspace       used 55426K, capacity 56059K, committed 56112K, reserved 1097728K
  class space    used 7018K, capacity 7266K, committed 7296K, reserved 1048576K
}
Event: 405.048 GC heap after
{Heap after GC invocations=40 (full 2):
 garbage-first heap   total 61440K, used 31715K [0x00000000c1e00000, 0x0000000100000000)
  region size 1024K, 3 young (3072K), 3 survivors (3072K)
 Metaspace       used 55426K, capacity 56059K, committed 56112K, reserved 1097728K
  class space    used 7018K, capacity 7266K, committed 7296K, reserved 1048576K
}
Event: 418.102 GC heap before
{Heap before GC invocations=40 (full 2):
 garbage-first heap   total 61440K, used 49123K [0x00000000c1e00000, 0x0000000100000000)
  region size 1024K, 20 young (20480K), 3 survivors (3072K)
 Metaspace       used 55533K, capacity 56204K, committed 56368K, reserved 1097728K
  class space    used 7022K, capacity 7270K, committed 7296K, reserved 1048576K
}
Event: 418.232 GC heap after
{Heap after GC invocations=41 (full 2):
 garbage-first heap   total 61440K, used 32509K [0x00000000c1e00000, 0x0000000100000000)
  region size 1024K, 3 young (3072K), 3 survivors (3072K)
 Metaspace       used 55533K, capacity 56204K, committed 56368K, reserved 1097728K
  class space    used 7022K, capacity 7270K, committed 7296K, reserved 1048576K
}
Event: 424.886 GC heap before
{Heap before GC invocations=42 (full 2):
 garbage-first heap   total 61440K, used 47869K [0x00000000c1e00000, 0x0000000100000000)
  region size 1024K, 19 young (19456K), 3 survivors (3072K)
 Metaspace       used 55560K, capacity 56268K, committed 56368K, reserved 1097728K
  class space    used 7022K, capacity 7270K, committed 7296K, reserved 1048576K
}
Event: 424.929 GC heap after
{Heap after GC invocations=43 (full 2):
 garbage-first heap   total 61440K, used 33215K [0x00000000c1e00000, 0x0000000100000000)
  region size 1024K, 3 young (3072K), 3 survivors (3072K)
 Metaspace       used 55560K, capacity 56268K, committed 56368K, reserved 1097728K
  class space    used 7022K, capacity 7270K, committed 7296K, reserved 1048576K
}

